2025-12-23T08:54:27.031659+0100 INFO ============================================================
2025-12-23T08:54:27.031801+0100 INFO STARTING 25 EXPERIMENTS
2025-12-23T08:54:27.031867+0100 INFO ============================================================
2025-12-23T08:54:27.311042+0100 INFO 
--- Experiment 1 (seed=40) ---
2025-12-23T08:54:59.794263+0100 INFO Batch GD:      MAPE = 53.29%
2025-12-23T08:54:59.794414+0100 INFO Stochastic GD: MAPE = 16.82%
2025-12-23T08:54:59.794463+0100 INFO Mini-Batch GD: MAPE = 15.79%
2025-12-23T08:54:59.798118+0100 INFO 
--- Experiment 2 (seed=41) ---
2025-12-23T08:55:31.692739+0100 INFO Batch GD:      MAPE = 36.50%
2025-12-23T08:55:31.692891+0100 INFO Stochastic GD: MAPE = 19.75%
2025-12-23T08:55:31.692940+0100 INFO Mini-Batch GD: MAPE = 15.53%
2025-12-23T08:55:31.694133+0100 INFO 
--- Experiment 3 (seed=42) ---
2025-12-23T08:56:03.680693+0100 INFO Batch GD:      MAPE = 22.25%
2025-12-23T08:56:03.680839+0100 INFO Stochastic GD: MAPE = 19.26%
2025-12-23T08:56:03.680886+0100 INFO Mini-Batch GD: MAPE = 21.32%
2025-12-23T08:56:03.682041+0100 INFO 
--- Experiment 4 (seed=43) ---
2025-12-23T08:56:34.786500+0100 INFO Batch GD:      MAPE = 30.82%
2025-12-23T08:56:34.786637+0100 INFO Stochastic GD: MAPE = 17.09%
2025-12-23T08:56:34.786681+0100 INFO Mini-Batch GD: MAPE = 18.17%
2025-12-23T08:56:34.787861+0100 INFO 
--- Experiment 5 (seed=44) ---
2025-12-23T08:57:06.571165+0100 INFO Batch GD:      MAPE = 24.21%
2025-12-23T08:57:06.571310+0100 INFO Stochastic GD: MAPE = 16.79%
2025-12-23T08:57:06.571365+0100 INFO Mini-Batch GD: MAPE = 16.86%
2025-12-23T08:57:06.572616+0100 INFO 
--- Experiment 6 (seed=45) ---
2025-12-23T08:57:38.485730+0100 INFO Batch GD:      MAPE = 31.02%
2025-12-23T08:57:38.485881+0100 INFO Stochastic GD: MAPE = 18.66%
2025-12-23T08:57:38.485927+0100 INFO Mini-Batch GD: MAPE = 19.34%
2025-12-23T08:57:38.487079+0100 INFO 
--- Experiment 7 (seed=46) ---
2025-12-23T08:58:10.246552+0100 INFO Batch GD:      MAPE = 31.58%
2025-12-23T08:58:10.246695+0100 INFO Stochastic GD: MAPE = 16.12%
2025-12-23T08:58:10.246742+0100 INFO Mini-Batch GD: MAPE = 16.45%
2025-12-23T08:58:10.247898+0100 INFO 
--- Experiment 8 (seed=47) ---
2025-12-23T08:58:42.188305+0100 INFO Batch GD:      MAPE = 113.52%
2025-12-23T08:58:42.188439+0100 INFO Stochastic GD: MAPE = 19.66%
2025-12-23T08:58:42.188485+0100 INFO Mini-Batch GD: MAPE = 17.16%
2025-12-23T08:58:42.189660+0100 INFO 
--- Experiment 9 (seed=48) ---
2025-12-23T08:59:14.328724+0100 INFO Batch GD:      MAPE = 32.24%
2025-12-23T08:59:14.328874+0100 INFO Stochastic GD: MAPE = 17.74%
2025-12-23T08:59:14.328920+0100 INFO Mini-Batch GD: MAPE = 16.44%
2025-12-23T08:59:14.330078+0100 INFO 
--- Experiment 10 (seed=49) ---
2025-12-23T08:59:46.312741+0100 INFO Batch GD:      MAPE = 26.96%
2025-12-23T08:59:46.312885+0100 INFO Stochastic GD: MAPE = 19.38%
2025-12-23T08:59:46.312930+0100 INFO Mini-Batch GD: MAPE = 18.36%
2025-12-23T08:59:46.314156+0100 INFO 
--- Experiment 11 (seed=50) ---
2025-12-23T09:00:18.904164+0100 INFO Batch GD:      MAPE = 27.76%
2025-12-23T09:00:18.904306+0100 INFO Stochastic GD: MAPE = 18.35%
2025-12-23T09:00:18.904355+0100 INFO Mini-Batch GD: MAPE = 16.87%
2025-12-23T09:00:18.905500+0100 INFO 
--- Experiment 12 (seed=51) ---
2025-12-23T09:00:50.148193+0100 INFO Batch GD:      MAPE = 27.90%
2025-12-23T09:00:50.148332+0100 INFO Stochastic GD: MAPE = 17.51%
2025-12-23T09:00:50.148384+0100 INFO Mini-Batch GD: MAPE = 17.71%
2025-12-23T09:00:50.149573+0100 INFO 
--- Experiment 13 (seed=52) ---
2025-12-23T09:01:21.587430+0100 INFO Batch GD:      MAPE = 47.77%
2025-12-23T09:01:21.587560+0100 INFO Stochastic GD: MAPE = 16.18%
2025-12-23T09:01:21.587605+0100 INFO Mini-Batch GD: MAPE = 18.18%
2025-12-23T09:01:21.588775+0100 INFO 
--- Experiment 14 (seed=53) ---
2025-12-23T09:01:53.304068+0100 INFO Batch GD:      MAPE = 34.78%
2025-12-23T09:01:53.304204+0100 INFO Stochastic GD: MAPE = 16.83%
2025-12-23T09:01:53.304250+0100 INFO Mini-Batch GD: MAPE = 17.33%
2025-12-23T09:01:53.305407+0100 INFO 
--- Experiment 15 (seed=54) ---
2025-12-23T09:02:24.907731+0100 INFO Batch GD:      MAPE = 17.30%
2025-12-23T09:02:24.907898+0100 INFO Stochastic GD: MAPE = 16.58%
2025-12-23T09:02:24.907944+0100 INFO Mini-Batch GD: MAPE = 18.82%
2025-12-23T09:02:24.909100+0100 INFO 
--- Experiment 16 (seed=55) ---
2025-12-23T09:02:56.290016+0100 INFO Batch GD:      MAPE = 40.16%
2025-12-23T09:02:56.290146+0100 INFO Stochastic GD: MAPE = 14.81%
2025-12-23T09:02:56.290190+0100 INFO Mini-Batch GD: MAPE = 14.93%
2025-12-23T09:02:56.291337+0100 INFO 
--- Experiment 17 (seed=56) ---
2025-12-23T09:03:28.347621+0100 INFO Batch GD:      MAPE = 27.62%
2025-12-23T09:03:28.347758+0100 INFO Stochastic GD: MAPE = 18.16%
2025-12-23T09:03:28.347809+0100 INFO Mini-Batch GD: MAPE = 17.17%
2025-12-23T09:03:28.349002+0100 INFO 
--- Experiment 18 (seed=57) ---
2025-12-23T09:04:00.337274+0100 INFO Batch GD:      MAPE = 24.32%
2025-12-23T09:04:00.337412+0100 INFO Stochastic GD: MAPE = 17.48%
2025-12-23T09:04:00.337457+0100 INFO Mini-Batch GD: MAPE = 19.79%
2025-12-23T09:04:00.338619+0100 INFO 
--- Experiment 19 (seed=58) ---
2025-12-23T09:04:32.135506+0100 INFO Batch GD:      MAPE = 53.96%
2025-12-23T09:04:32.135630+0100 INFO Stochastic GD: MAPE = 17.09%
2025-12-23T09:04:32.135677+0100 INFO Mini-Batch GD: MAPE = 17.37%
2025-12-23T09:04:32.136810+0100 INFO 
--- Experiment 20 (seed=59) ---
2025-12-23T09:05:04.078278+0100 INFO Batch GD:      MAPE = 51.29%
2025-12-23T09:05:04.078414+0100 INFO Stochastic GD: MAPE = 18.34%
2025-12-23T09:05:04.078461+0100 INFO Mini-Batch GD: MAPE = 15.63%
2025-12-23T09:05:04.079637+0100 INFO 
--- Experiment 21 (seed=60) ---
2025-12-23T09:05:36.282397+0100 INFO Batch GD:      MAPE = 23.62%
2025-12-23T09:05:36.282526+0100 INFO Stochastic GD: MAPE = 16.72%
2025-12-23T09:05:36.282571+0100 INFO Mini-Batch GD: MAPE = 17.46%
2025-12-23T09:05:36.283714+0100 INFO 
--- Experiment 22 (seed=61) ---
2025-12-23T09:06:07.872631+0100 INFO Batch GD:      MAPE = 27.52%
2025-12-23T09:06:07.872770+0100 INFO Stochastic GD: MAPE = 16.51%
2025-12-23T09:06:07.872821+0100 INFO Mini-Batch GD: MAPE = 16.58%
2025-12-23T09:06:07.873982+0100 INFO 
--- Experiment 23 (seed=62) ---
2025-12-23T09:06:39.878994+0100 INFO Batch GD:      MAPE = 19.74%
2025-12-23T09:06:39.879119+0100 INFO Stochastic GD: MAPE = 16.43%
2025-12-23T09:06:39.879162+0100 INFO Mini-Batch GD: MAPE = 17.74%
2025-12-23T09:06:39.880319+0100 INFO 
--- Experiment 24 (seed=63) ---
2025-12-23T09:07:12.154124+0100 INFO Batch GD:      MAPE = 23.70%
2025-12-23T09:07:12.154269+0100 INFO Stochastic GD: MAPE = 16.99%
2025-12-23T09:07:12.154316+0100 INFO Mini-Batch GD: MAPE = 16.51%
2025-12-23T09:07:12.155526+0100 INFO 
--- Experiment 25 (seed=64) ---
2025-12-23T09:07:44.309276+0100 INFO Batch GD:      MAPE = 28.90%
2025-12-23T09:07:44.309455+0100 INFO Stochastic GD: MAPE = 19.22%
2025-12-23T09:07:44.309501+0100 INFO Mini-Batch GD: MAPE = 17.16%
2025-12-23T09:10:40.806878+0100 INFO 
============================================================
2025-12-23T09:10:40.807415+0100 INFO SUMMARY: AVERAGE MAPE ACROSS ALL 25 EXPERIMENTS
2025-12-23T09:10:40.807702+0100 INFO ============================================================
2025-12-23T09:10:40.808918+0100 INFO Batch GD:        Average MAPE = 35.15% (±18.85%)
2025-12-23T09:10:40.809227+0100 INFO Stochastic GD:   Average MAPE = 17.54% (±1.25%)
2025-12-23T09:10:40.809493+0100 INFO Mini-Batch GD:   Average MAPE = 17.39% (±1.39%)
2025-12-23T09:10:40.809735+0100 INFO ============================================================
